<?xml version="1.0" encoding="UTF-8"?>
<beans xmlns="http://www.springframework.org/schema/beans"
       xmlns:xsi="http://www.w3.org/2001/XMLSchema-instance"
       xmlns:context="http://www.springframework.org/schema/context"
       xsi:schemaLocation="http://www.springframework.org/schema/beans
                           http://www.springframework.org/schema/beans/spring-beans-3.2.xsd
                           http://www.springframework.org/schema/context
                           http://www.springframework.org/schema/context/spring-context-3.2.xsd">


    <context:annotation-config/>
    <context:component-scan base-package="ua.com.serzh"/>

 <!--   <bean id="loginController" class="ua.com.serzh.controllers.LoginController">

        <constructor-arg index="0" ref="userDao"/>
        <constructor-arg index="1" ref="contactDao"/>
    </bean>-->

    <bean id="userDao" class="org.mockito.Mockito" factory-method="mock">
        <constructor-arg value="ua.com.serzh.dao.UserDaoImpl"/>
    </bean>

    <bean id="contactDao" class="org.mockito.Mockito" factory-method="mock">
        <constructor-arg value="ua.com.serzh.dao.ContactDao"/>
    </bean>

</beans>